[2023-12-16T12:27:14.306+0000] {taskinstance.py:1159} INFO - Dependencies all met for dep_context=non-requeueable deps ti=<TaskInstance: data_ops.transform manual__2023-12-16T12:27:06.779563+00:00 [queued]>
[2023-12-16T12:27:14.310+0000] {taskinstance.py:1159} INFO - Dependencies all met for dep_context=requeueable deps ti=<TaskInstance: data_ops.transform manual__2023-12-16T12:27:06.779563+00:00 [queued]>
[2023-12-16T12:27:14.310+0000] {taskinstance.py:1361} INFO - Starting attempt 1 of 1
[2023-12-16T12:27:14.318+0000] {taskinstance.py:1382} INFO - Executing <Task(_PythonDecoratedOperator): transform> on 2023-12-16 12:27:06.779563+00:00
[2023-12-16T12:27:14.333+0000] {standard_task_runner.py:57} INFO - Started process 105 to run task
[2023-12-16T12:27:14.342+0000] {standard_task_runner.py:84} INFO - Running: ['***', 'tasks', 'run', 'data_ops', 'transform', 'manual__2023-12-16T12:27:06.779563+00:00', '--job-id', '36', '--raw', '--subdir', 'DAGS_FOLDER/workflows_2.py', '--cfg-path', '/tmp/tmph01i4qfe']
[2023-12-16T12:27:14.344+0000] {standard_task_runner.py:85} INFO - Job 36: Subtask transform
[2023-12-16T12:27:14.395+0000] {task_command.py:416} INFO - Running <TaskInstance: data_ops.transform manual__2023-12-16T12:27:06.779563+00:00 [running]> on host c038c27bb63f
[2023-12-16T12:27:14.495+0000] {taskinstance.py:1662} INFO - Exporting env vars: AIRFLOW_CTX_DAG_OWNER='***' AIRFLOW_CTX_DAG_ID='data_ops' AIRFLOW_CTX_TASK_ID='transform' AIRFLOW_CTX_EXECUTION_DATE='2023-12-16T12:27:06.779563+00:00' AIRFLOW_CTX_TRY_NUMBER='1' AIRFLOW_CTX_DAG_RUN_ID='manual__2023-12-16T12:27:06.779563+00:00'
[2023-12-16T12:27:14.530+0000] {python.py:194} INFO - Done. Returned value was:      empty_slots  free_bikes  ... online  uid
0             22          10  ...   True  251
1             11          14  ...   True  254
2             17           7  ...   True  267
3              4          14  ...   True   54
4             23           2  ...   True  236
..           ...         ...  ...    ...  ...
502           28           2  ...   True  205
503           23          10  ...   True  213
504           14          19  ...   True  346
505           10          13  ...   True   12
506           15          17  ...   True  247

[507 rows x 12 columns]
[2023-12-16T12:27:14.648+0000] {taskinstance.py:1400} INFO - Marking task as SUCCESS. dag_id=data_ops, task_id=transform, execution_date=20231216T122706, start_date=20231216T122714, end_date=20231216T122714
[2023-12-16T12:27:14.690+0000] {local_task_job_runner.py:228} INFO - Task exited with return code 0
[2023-12-16T12:27:14.706+0000] {taskinstance.py:2778} INFO - 1 downstream tasks scheduled from follow-on schedule check
