[2023-12-16T12:22:05.055+0000] {taskinstance.py:1159} INFO - Dependencies all met for dep_context=non-requeueable deps ti=<TaskInstance: data_ops.transform manual__2023-12-16T12:21:59.680800+00:00 [queued]>
[2023-12-16T12:22:05.063+0000] {taskinstance.py:1159} INFO - Dependencies all met for dep_context=requeueable deps ti=<TaskInstance: data_ops.transform manual__2023-12-16T12:21:59.680800+00:00 [queued]>
[2023-12-16T12:22:05.063+0000] {taskinstance.py:1361} INFO - Starting attempt 1 of 1
[2023-12-16T12:22:05.114+0000] {taskinstance.py:1382} INFO - Executing <Task(_PythonDecoratedOperator): transform> on 2023-12-16 12:21:59.680800+00:00
[2023-12-16T12:22:05.121+0000] {standard_task_runner.py:57} INFO - Started process 366 to run task
[2023-12-16T12:22:05.124+0000] {standard_task_runner.py:84} INFO - Running: ['***', 'tasks', 'run', 'data_ops', 'transform', 'manual__2023-12-16T12:21:59.680800+00:00', '--job-id', '31', '--raw', '--subdir', 'DAGS_FOLDER/workflows_2.py', '--cfg-path', '/tmp/tmp4xo3xmni']
[2023-12-16T12:22:05.125+0000] {standard_task_runner.py:85} INFO - Job 31: Subtask transform
[2023-12-16T12:22:05.185+0000] {task_command.py:416} INFO - Running <TaskInstance: data_ops.transform manual__2023-12-16T12:21:59.680800+00:00 [running]> on host 80e3f3cdf7f6
[2023-12-16T12:22:05.313+0000] {taskinstance.py:1662} INFO - Exporting env vars: AIRFLOW_CTX_DAG_OWNER='***' AIRFLOW_CTX_DAG_ID='data_ops' AIRFLOW_CTX_TASK_ID='transform' AIRFLOW_CTX_EXECUTION_DATE='2023-12-16T12:21:59.680800+00:00' AIRFLOW_CTX_TRY_NUMBER='1' AIRFLOW_CTX_DAG_RUN_ID='manual__2023-12-16T12:21:59.680800+00:00'
[2023-12-16T12:22:05.368+0000] {python.py:194} INFO - Done. Returned value was:      empty_slots  free_bikes  ... online  uid
0             23           9  ...   True  251
1             11          14  ...   True  254
2             17           7  ...   True  267
3              2          16  ...   True   54
4             23           2  ...   True  236
..           ...         ...  ...    ...  ...
502           28           2  ...   True  205
503           24           9  ...   True  213
504           12          21  ...   True  346
505           13          10  ...   True   12
506           15          17  ...   True  247

[507 rows x 12 columns]
[2023-12-16T12:22:05.438+0000] {taskinstance.py:1400} INFO - Marking task as SUCCESS. dag_id=data_ops, task_id=transform, execution_date=20231216T122159, start_date=20231216T122205, end_date=20231216T122205
[2023-12-16T12:22:05.459+0000] {local_task_job_runner.py:228} INFO - Task exited with return code 0
[2023-12-16T12:22:05.470+0000] {taskinstance.py:2778} INFO - 1 downstream tasks scheduled from follow-on schedule check
